<?xml version="1.0" encoding="UTF-8"?>
<testsuite name="jpadb.demo.DemoApplicationTests" tests="1" skipped="0" failures="0" errors="0" timestamp="2024-01-05T13:59:04" hostname="heojinseoui-MacBookPro.local" time="0.315">
  <properties/>
  <testcase name="addMovieTest()" classname="jpadb.demo.DemoApplicationTests" time="0.315"/>
  <system-out><![CDATA[22:59:03.357 [Test worker] INFO org.springframework.test.context.support.AnnotationConfigContextLoaderUtils -- Could not detect default configuration classes for test class [jpadb.demo.DemoApplicationTests]: DemoApplicationTests does not declare any static, non-private, non-final, nested classes annotated with @Configuration.
22:59:03.390 [Test worker] INFO org.springframework.boot.test.context.SpringBootTestContextBootstrapper -- Found @SpringBootConfiguration jpadb.demo.DemoApplication for test class jpadb.demo.DemoApplicationTests

  .   ____          _            __ _ _
 /\\ / ___'_ __ _ _(_)_ __  __ _ \ \ \ \
( ( )\___ | '_ | '_| | '_ \/ _` | \ \ \ \
 \\/  ___)| |_)| | | | | || (_| |  ) ) ) )
  '  |____| .__|_| |_|_| |_\__, | / / / /
 =========|_|==============|___/=/_/_/_/
 :: Spring Boot ::                (v3.2.1)

2024-01-05T22:59:03.510+09:00  INFO 29612 --- [    Test worker] jpadb.demo.DemoApplicationTests          : Starting DemoApplicationTests using Java 21.0.1 with PID 29612 (started by jinsuhhur in /Users/jinsuhhur/Documents/2024/madcamp/2week/2week-backend/spring-jpa-main)
2024-01-05T22:59:03.511+09:00  INFO 29612 --- [    Test worker] jpadb.demo.DemoApplicationTests          : No active profile set, falling back to 1 default profile: "default"
2024-01-05T22:59:03.713+09:00  INFO 29612 --- [    Test worker] .s.d.r.c.RepositoryConfigurationDelegate : Bootstrapping Spring Data JPA repositories in DEFAULT mode.
2024-01-05T22:59:03.731+09:00  INFO 29612 --- [    Test worker] .s.d.r.c.RepositoryConfigurationDelegate : Finished Spring Data repository scanning in 15 ms. Found 2 JPA repository interfaces.
2024-01-05T22:59:03.881+09:00  INFO 29612 --- [    Test worker] o.hibernate.jpa.internal.util.LogHelper  : HHH000204: Processing PersistenceUnitInfo [name: default]
2024-01-05T22:59:03.899+09:00  INFO 29612 --- [    Test worker] org.hibernate.Version                    : HHH000412: Hibernate ORM core version 6.4.1.Final
2024-01-05T22:59:03.910+09:00  INFO 29612 --- [    Test worker] o.h.c.internal.RegionFactoryInitiator    : HHH000026: Second-level cache disabled
2024-01-05T22:59:03.986+09:00  INFO 29612 --- [    Test worker] o.s.o.j.p.SpringPersistenceUnitInfo      : No LoadTimeWeaver setup: ignoring JPA class transformer
2024-01-05T22:59:03.996+09:00  INFO 29612 --- [    Test worker] com.zaxxer.hikari.HikariDataSource       : HikariPool-1 - Starting...
2024-01-05T22:59:04.128+09:00  INFO 29612 --- [    Test worker] com.zaxxer.hikari.pool.HikariPool        : HikariPool-1 - Added connection com.mysql.cj.jdbc.ConnectionImpl@48fc0211
2024-01-05T22:59:04.129+09:00  INFO 29612 --- [    Test worker] com.zaxxer.hikari.HikariDataSource       : HikariPool-1 - Start completed.
2024-01-05T22:59:04.150+09:00  WARN 29612 --- [    Test worker] org.hibernate.orm.deprecation            : HHH90000025: MySQLDialect does not need to be specified explicitly using 'hibernate.dialect' (remove the property setting and it will be selected by default)
2024-01-05T22:59:04.425+09:00  INFO 29612 --- [    Test worker] o.h.e.t.j.p.i.JtaPlatformInitiator       : HHH000489: No JTA platform available (set 'hibernate.transaction.jta.platform' to enable JTA platform integration)
2024-01-05T22:59:04.461+09:00  INFO 29612 --- [    Test worker] j.LocalContainerEntityManagerFactoryBean : Initialized JPA EntityManagerFactory for persistence unit 'default'
2024-01-05T22:59:04.601+09:00  WARN 29612 --- [    Test worker] JpaBaseConfiguration$JpaWebConfiguration : spring.jpa.open-in-view is enabled by default. Therefore, database queries may be performed during view rendering. Explicitly configure spring.jpa.open-in-view to disable this warning
2024-01-05T22:59:04.719+09:00  INFO 29612 --- [    Test worker] jpadb.demo.DemoApplicationTests          : Started DemoApplicationTests in 1.283 seconds (process running for 1.657)
]]></system-out>
  <system-err><![CDATA[WARNING: A Java agent has been loaded dynamically (/Users/jinsuhhur/.gradle/caches/modules-2/files-2.1/net.bytebuddy/byte-buddy-agent/1.14.10/90ed94ac044ea8953b224304c762316e91fd6b31/byte-buddy-agent-1.14.10.jar)
WARNING: If a serviceability tool is in use, please run with -XX:+EnableDynamicAgentLoading to hide this warning
WARNING: If a serviceability tool is not in use, please run with -Djdk.instrument.traceUsage for more information
WARNING: Dynamic loading of agents will be disallowed by default in a future release
]]></system-err>
</testsuite>
