<?xml version="1.0" encoding="UTF-8"?>
<testsuite name="jpadb.demo.repository.UserRepositoryTest" tests="1" skipped="0" failures="0" errors="0" timestamp="2024-01-04T15:59:44" hostname="BOOK-4NNU2HBIHL" time="0.924">
  <properties/>
  <testcase name="saveUserTest()" classname="jpadb.demo.repository.UserRepositoryTest" time="0.924"/>
  <system-out><![CDATA[00:59:36.697 [Test worker] INFO org.springframework.test.context.support.AnnotationConfigContextLoaderUtils -- Could not detect default configuration classes for test class [jpadb.demo.repository.UserRepositoryTest]: UserRepositoryTest does not declare any static, non-private, non-final, nested classes annotated with @Configuration.
00:59:36.894 [Test worker] INFO org.springframework.boot.test.context.SpringBootTestContextBootstrapper -- Found @SpringBootConfiguration jpadb.demo.DemoApplication for test class jpadb.demo.repository.UserRepositoryTest

  .   ____          _            __ _ _
 /\\ / ___'_ __ _ _(_)_ __  __ _ \ \ \ \
( ( )\___ | '_ | '_| | '_ \/ _` | \ \ \ \
 \\/  ___)| |_)| | | | | || (_| |  ) ) ) )
  '  |____| .__|_| |_|_| |_\__, | / / / /
 =========|_|==============|___/=/_/_/_/
 :: Spring Boot ::                (v3.2.1)

2024-01-05T00:59:37.616+09:00  INFO 9824 --- [    Test worker] j.demo.repository.UserRepositoryTest     : Starting UserRepositoryTest using Java 21.0.1 with PID 9824 (started by cbg71 in C:\Users\cbg71\Desktop\2023 겨울\몰입캠프\Week2\spring-jpa-main)
2024-01-05T00:59:37.618+09:00  INFO 9824 --- [    Test worker] j.demo.repository.UserRepositoryTest     : No active profile set, falling back to 1 default profile: "default"
2024-01-05T00:59:39.348+09:00  INFO 9824 --- [    Test worker] .s.d.r.c.RepositoryConfigurationDelegate : Bootstrapping Spring Data JPA repositories in DEFAULT mode.
2024-01-05T00:59:39.423+09:00  INFO 9824 --- [    Test worker] .s.d.r.c.RepositoryConfigurationDelegate : Finished Spring Data repository scanning in 62 ms. Found 1 JPA repository interface.
2024-01-05T00:59:40.128+09:00  INFO 9824 --- [    Test worker] o.hibernate.jpa.internal.util.LogHelper  : HHH000204: Processing PersistenceUnitInfo [name: default]
2024-01-05T00:59:40.260+09:00  INFO 9824 --- [    Test worker] org.hibernate.Version                    : HHH000412: Hibernate ORM core version 6.4.1.Final
2024-01-05T00:59:40.308+09:00  INFO 9824 --- [    Test worker] o.h.c.internal.RegionFactoryInitiator    : HHH000026: Second-level cache disabled
2024-01-05T00:59:40.695+09:00  INFO 9824 --- [    Test worker] o.s.o.j.p.SpringPersistenceUnitInfo      : No LoadTimeWeaver setup: ignoring JPA class transformer
2024-01-05T00:59:40.738+09:00  INFO 9824 --- [    Test worker] com.zaxxer.hikari.HikariDataSource       : HikariPool-1 - Starting...
2024-01-05T00:59:41.356+09:00  INFO 9824 --- [    Test worker] com.zaxxer.hikari.pool.HikariPool        : HikariPool-1 - Added connection com.mysql.cj.jdbc.ConnectionImpl@2c2a7d53
2024-01-05T00:59:41.362+09:00  INFO 9824 --- [    Test worker] com.zaxxer.hikari.HikariDataSource       : HikariPool-1 - Start completed.
2024-01-05T00:59:41.449+09:00  WARN 9824 --- [    Test worker] org.hibernate.orm.deprecation            : HHH90000025: MySQLDialect does not need to be specified explicitly using 'hibernate.dialect' (remove the property setting and it will be selected by default)
2024-01-05T00:59:42.542+09:00  INFO 9824 --- [    Test worker] o.h.e.t.j.p.i.JtaPlatformInitiator       : HHH000489: No JTA platform available (set 'hibernate.transaction.jta.platform' to enable JTA platform integration)
2024-01-05T00:59:42.605+09:00  INFO 9824 --- [    Test worker] j.LocalContainerEntityManagerFactoryBean : Initialized JPA EntityManagerFactory for persistence unit 'default'
2024-01-05T00:59:43.359+09:00  WARN 9824 --- [    Test worker] JpaBaseConfiguration$JpaWebConfiguration : spring.jpa.open-in-view is enabled by default. Therefore, database queries may be performed during view rendering. Explicitly configure spring.jpa.open-in-view to disable this warning
2024-01-05T00:59:44.012+09:00  INFO 9824 --- [    Test worker] j.demo.repository.UserRepositoryTest     : Started UserRepositoryTest in 6.847 seconds (process running for 9.122)
]]></system-out>
  <system-err><![CDATA[WARNING: A Java agent has been loaded dynamically (C:\Users\cbg71\.gradle\caches\modules-2\files-2.1\net.bytebuddy\byte-buddy-agent\1.14.10\90ed94ac044ea8953b224304c762316e91fd6b31\byte-buddy-agent-1.14.10.jar)
WARNING: If a serviceability tool is in use, please run with -XX:+EnableDynamicAgentLoading to hide this warning
WARNING: If a serviceability tool is not in use, please run with -Djdk.instrument.traceUsage for more information
WARNING: Dynamic loading of agents will be disallowed by default in a future release
]]></system-err>
</testsuite>
